-------------------------------------------------------------------------------
Test set: com.nnk.springboot.service.TradeServiceTests
-------------------------------------------------------------------------------
Tests run: 1, Failures: 0, Errors: 1, Skipped: 0, Time elapsed: 0.128 s <<< FAILURE! - in com.nnk.springboot.service.TradeServiceTests
tradeTest(com.nnk.springboot.service.TradeServiceTests)  Time elapsed: 0.128 s  <<< ERROR!
org.springframework.dao.EmptyResultDataAccessException: No class com.nnk.springboot.domain.Trade entity with id 0 exists!
	at com.nnk.springboot.service.TradeServiceTests.tradeTest(TradeServiceTests.java:44)

